Performing C SOURCE FILE Test CMAKE_HAVE_LIBC_PTHREAD failed with the following output:
Change Dir: C:/Users/rapha/AP4A/src/CMakeFiles/CMakeTmp

Run Build Command(s):D:/Program Files/Microsoft Visual Studio/2022/Community/MSBuild/Current/Bin/amd64/MSBuild.exe cmTC_7e3f4.vcxproj /p:Configuration=Debug /p:Platform=x64 /p:VisualStudioVersion=17.0 /v:m && MSBuild version 17.3.1+2badb37d1 for .NET Framework
  Compilateur d'optimisation Microsoft (R) C/C++ version 19.33.31630 pour x64
  Copyright (C) Microsoft Corporation. Tous droits réservés.
  src.c
  cl /c /Zi /W3 /WX- /diagnostics:column /Od /Ob0 /D _MBCS /D WIN32 /D _WINDOWS /D CMAKE_HAVE_LIBC_PTHREAD /D "CMAKE_INTDIR=\"Debug\"" /Gm- /RTC1 /MDd /GS /fp:precise /Zc:wchar_t /Zc:forScope /Zc:inline /Fo"cmTC_7e3f4.dir\Debug\\" /Fd"cmTC_7e3f4.dir\Debug\vc143.pdb" /external:W3 /Gd /TC /errorReport:queue C:\Users\rapha\AP4A\src\CMakeFiles\CMakeTmp\src.c
C:\Users\rapha\AP4A\src\CMakeFiles\CMakeTmp\src.c(1,10): fatal  error C1083: Impossible d'ouvrir le fichier include : 'pthread.h' : No such file or directory [C:\Users\rapha\AP4A\src\CMakeFiles\CMakeTmp\cmTC_7e3f4.vcxproj]


Source file was:
#include <pthread.h>

static void* test_func(void* data)
{
  return data;
}

int main(void)
{
  pthread_t thread;
  pthread_create(&thread, NULL, test_func, NULL);
  pthread_detach(thread);
  pthread_cancel(thread);
  pthread_join(thread, NULL);
  pthread_atfork(NULL, NULL, NULL);
  pthread_exit(NULL);

  return 0;
}

Determining if the function pthread_create exists in the pthreads failed with the following output:
Change Dir: C:/Users/rapha/AP4A/src/CMakeFiles/CMakeTmp

Run Build Command(s):D:/Program Files/Microsoft Visual Studio/2022/Community/MSBuild/Current/Bin/amd64/MSBuild.exe cmTC_b8967.vcxproj /p:Configuration=Debug /p:Platform=x64 /p:VisualStudioVersion=17.0 /v:m && MSBuild version 17.3.1+2badb37d1 for .NET Framework
  Compilateur d'optimisation Microsoft (R) C/C++ version 19.33.31630 pour x64
  Copyright (C) Microsoft Corporation. Tous droits réservés.
  CheckFunctionExists.c
  cl /c /Zi /W3 /WX- /diagnostics:column /Od /Ob0 /D _MBCS /D WIN32 /D _WINDOWS /D CHECK_FUNCTION_EXISTS=pthread_create /D "CMAKE_INTDIR=\"Debug\"" /Gm- /RTC1 /MDd /GS /fp:precise /Zc:wchar_t /Zc:forScope /Zc:inline /Fo"cmTC_b8967.dir\Debug\\" /Fd"cmTC_b8967.dir\Debug\vc143.pdb" /external:W3 /Gd /TC /errorReport:queue "C:\Program Files\CMake\share\cmake-3.24\Modules\CheckFunctionExists.c"
LINK : fatal error LNK1104: impossible d'ouvrir le fichier 'pthreads.lib' [C:\Users\rapha\AP4A\src\CMakeFiles\CMakeTmp\cmTC_b8967.vcxproj]



Determining if the function pthread_create exists in the pthread failed with the following output:
Change Dir: C:/Users/rapha/AP4A/src/CMakeFiles/CMakeTmp

Run Build Command(s):D:/Program Files/Microsoft Visual Studio/2022/Community/MSBuild/Current/Bin/amd64/MSBuild.exe cmTC_5aab1.vcxproj /p:Configuration=Debug /p:Platform=x64 /p:VisualStudioVersion=17.0 /v:m && MSBuild version 17.3.1+2badb37d1 for .NET Framework
  Compilateur d'optimisation Microsoft (R) C/C++ version 19.33.31630 pour x64
  Copyright (C) Microsoft Corporation. Tous droits réservés.
  CheckFunctionExists.c
  cl /c /Zi /W3 /WX- /diagnostics:column /Od /Ob0 /D _MBCS /D WIN32 /D _WINDOWS /D CHECK_FUNCTION_EXISTS=pthread_create /D "CMAKE_INTDIR=\"Debug\"" /Gm- /RTC1 /MDd /GS /fp:precise /Zc:wchar_t /Zc:forScope /Zc:inline /Fo"cmTC_5aab1.dir\Debug\\" /Fd"cmTC_5aab1.dir\Debug\vc143.pdb" /external:W3 /Gd /TC /errorReport:queue "C:\Program Files\CMake\share\cmake-3.24\Modules\CheckFunctionExists.c"
LINK : fatal error LNK1104: impossible d'ouvrir le fichier 'pthread.lib' [C:\Users\rapha\AP4A\src\CMakeFiles\CMakeTmp\cmTC_5aab1.vcxproj]



